[0326/010028.948:ERROR:scoped_process_suspend.cc(31)] NtSuspendProcess: An attempt was made to access an exiting process. (0xc000010a)
[0326/010029.495:ERROR:process_info.cc(118)] ReadProcessMemory bool __cdecl crashpad::(anonymous namespace)::ReadStruct(HANDLE, crashpad::WinVMAddress, T *) [T = crashpad::process_types::PEB<crashpad::process_types::internal::Traits64>]: Only part of a ReadProcessMemory or WriteProcessMemory request was completed. (0x12B)
[0326/010029.495:ERROR:process_info.cc(551)] ReadProcessData failed
[0326/010029.807:ERROR:process_reader_win.cc(123)] NtOpenThread: {Access Denied} A process has requested access to an object, but has not been granted those access rights. (0xc0000022)
[0326/010029.807:ERROR:exception_snapshot_win.cc(98)] thread ID 119460 not found in process
[0326/010029.839:ERROR:process_info.cc(329)] VirtualQueryEx: Access is denied. (0x5)
[0326/010029.839:ERROR:process_info.cc(556)] ReadMemoryInfo failed
[0326/010029.839:ERROR:scoped_process_suspend.cc(40)] NtResumeProcess: An attempt was made to access an exiting process. (0xc000010a)
[0326/010030.417:ERROR:process_info.cc(329)] VirtualQueryEx: Access is denied. (0x5)
[0326/010030.417:ERROR:process_info.cc(556)] ReadMemoryInfo failed
[0326/010030.417:ERROR:process_info.cc(329)] VirtualQueryEx: Access is denied. (0x5)
[0326/010030.417:ERROR:scoped_process_suspend.cc(40)] NtResumeProcess: An attempt was made to access an exiting process. (0xc000010a)
[0326/010030.417:ERROR:process_info.cc(556)] ReadMemoryInfo failed
[0326/010030.417:ERROR:scoped_process_suspend.cc(40)] NtResumeProcess: An attempt was made to access an exiting process. (0xc000010a)
[0326/010030.433:ERROR:process_info.cc(329)] VirtualQueryEx: Access is denied. (0x5)
[0326/010030.433:ERROR:process_info.cc(329)] VirtualQueryEx: Access is denied. (0x5)
[0326/010030.433:ERROR:process_info.cc(329)] VirtualQueryEx: Access is denied. (0x5)
[0326/010030.433:ERROR:process_info.cc(556)] ReadMemoryInfo failed
[0326/010030.433:ERROR:process_info.cc(556)] ReadMemoryInfo failed
[0326/010030.433:ERROR:process_info.cc(556)] ReadMemoryInfo failed
[0326/010030.433:ERROR:scoped_process_suspend.cc(40)] NtResumeProcess: An attempt was made to access an exiting process. (0xc000010a)
[0326/010030.433:ERROR:scoped_process_suspend.cc(40)] NtResumeProcess: An attempt was made to access an exiting process. (0xc000010a)
[0326/010030.433:ERROR:scoped_process_suspend.cc(40)] NtResumeProcess: An attempt was made to access an exiting process. (0xc000010a)
[0326/010030.433:ERROR:process_reader_win.cc(123)] NtOpenThread: {Access Denied} A process has requested access to an object, but has not been granted those access rights. (0xc0000022)
[0326/010030.433:ERROR:exception_snapshot_win.cc(98)] thread ID 11128 not found in process
[0326/010030.433:ERROR:scoped_process_suspend.cc(40)] NtResumeProcess: An attempt was made to access an exiting process. (0xc000010a)
[0326/010030.745:ERROR:process_info.cc(329)] VirtualQueryEx: Access is denied. (0x5)
[0326/010030.745:ERROR:process_info.cc(556)] ReadMemoryInfo failed
[0326/010030.745:ERROR:scoped_process_suspend.cc(40)] NtResumeProcess: An attempt was made to access an exiting process. (0xc000010a)
